[debug] ----------------------------------------------------------------------
[debug] Command:      /usr/bin/nodejs /usr/bin/firebase serve
[debug] CLI Version:  3.2.0
[debug] Platform:     linux
[debug] Node Version: v6.9.1
[debug] Time:         Mon Dec 05 2016 22:46:04 GMT+0100 (WAT)
[debug] ----------------------------------------------------------------------
[debug] 
[info] Starting Firebase development server...
[info] 
[info] Project Directory: /home/fisayomi/Documents/bootcamp-project/project-2/Quiz-Application
[info] Public Directory: public
[info] 
[info] Server listening at: http://localhost:5000
[debug] ----------------------------------------------------------------------
[debug] Command:      /usr/bin/nodejs /usr/bin/firebase serve
[debug] CLI Version:  3.2.0
[debug] Platform:     linux
[debug] Node Version: v6.9.1
[debug] Time:         Tue Dec 06 2016 11:52:06 GMT+0100 (WAT)
[debug] ----------------------------------------------------------------------
[debug] 
[info] Starting Firebase development server...
[info] 
[info] Project Directory: /home/fisayomi/Documents/bootcamp-project/project-2/Quiz-Application
[warn] ⚠  Port 5000 is not available. Trying another port...
[info] Public Directory: public
[info] 
[info] Server listening at: http://localhost:5001
